<?xml version="1.0" encoding="UTF-8"?>
<testsuites>
  <testsuite name="CLI Arguments" tests="94" assertions="186" errors="0" failures="0" skipped="0" time="25.833337">
    <testsuite name="Tests\Unit\Models\Sacco\SaccoLoanTest" file="Sacco Loan (Tests\Unit\Models\Sacco\SaccoLoan)" tests="14" assertions="27" errors="0" failures="0" skipped="0" time="13.220346">
      <testcase name="It can be created with attributes" file="Sacco Loan (Tests\Unit\Models\Sacco\SaccoLoan)::It can be created with attributes" class="Tests\Unit\Models\Sacco\SaccoLoanTest" classname="Tests.Unit.Models.Sacco.SaccoLoanTest" assertions="3" time="12.206298"/>
      <testcase name="It belongs to a member" file="Sacco Loan (Tests\Unit\Models\Sacco\SaccoLoan)::It belongs to a member" class="Tests\Unit\Models\Sacco\SaccoLoanTest" classname="Tests.Unit.Models.Sacco.SaccoLoanTest" assertions="2" time="0.102207"/>
      <testcase name="It automatically calculates totals" file="Sacco Loan (Tests\Unit\Models\Sacco\SaccoLoan)::It automatically calculates totals" class="Tests\Unit\Models\Sacco\SaccoLoanTest" classname="Tests.Unit.Models.Sacco.SaccoLoanTest" assertions="3" time="0.091375"/>
      <testcase name="It recalculates when principal changes" file="Sacco Loan (Tests\Unit\Models\Sacco\SaccoLoan)::It recalculates when principal changes" class="Tests\Unit\Models\Sacco\SaccoLoanTest" classname="Tests.Unit.Models.Sacco.SaccoLoanTest" assertions="2" time="0.076488"/>
      <testcase name="It has default status as pending" file="Sacco Loan (Tests\Unit\Models\Sacco\SaccoLoan)::It has default status as pending" class="Tests\Unit\Models\Sacco\SaccoLoanTest" classname="Tests.Unit.Models.Sacco.SaccoLoanTest" assertions="1" time="0.064306"/>
      <testcase name="It has uuid" file="Sacco Loan (Tests\Unit\Models\Sacco\SaccoLoan)::It has uuid" class="Tests\Unit\Models\Sacco\SaccoLoanTest" classname="Tests.Unit.Models.Sacco.SaccoLoanTest" assertions="2" time="0.075262"/>
      <testcase name="It auto generates loan number" file="Sacco Loan (Tests\Unit\Models\Sacco\SaccoLoan)::It auto generates loan number" class="Tests\Unit\Models\Sacco\SaccoLoanTest" classname="Tests.Unit.Models.Sacco.SaccoLoanTest" assertions="2" time="0.072403"/>
      <testcase name="It can check if has all guarantors" file="Sacco Loan (Tests\Unit\Models\Sacco\SaccoLoan)::It can check if has all guarantors" class="Tests\Unit\Models\Sacco\SaccoLoanTest" classname="Tests.Unit.Models.Sacco.SaccoLoanTest" assertions="1" time="0.069727"/>
      <testcase name="It can check if fully paid" file="Sacco Loan (Tests\Unit\Models\Sacco\SaccoLoan)::It can check if fully paid" class="Tests\Unit\Models\Sacco\SaccoLoanTest" classname="Tests.Unit.Models.Sacco.SaccoLoanTest" assertions="1" time="0.061995"/>
      <testcase name="Factory can create pending loan" file="Sacco Loan (Tests\Unit\Models\Sacco\SaccoLoan)::Factory can create pending loan" class="Tests\Unit\Models\Sacco\SaccoLoanTest" classname="Tests.Unit.Models.Sacco.SaccoLoanTest" assertions="1" time="0.068326"/>
      <testcase name="Factory can create approved loan" file="Sacco Loan (Tests\Unit\Models\Sacco\SaccoLoan)::Factory can create approved loan" class="Tests\Unit\Models\Sacco\SaccoLoanTest" classname="Tests.Unit.Models.Sacco.SaccoLoanTest" assertions="2" time="0.074419"/>
      <testcase name="Factory can create disbursed loan" file="Sacco Loan (Tests\Unit\Models\Sacco\SaccoLoan)::Factory can create disbursed loan" class="Tests\Unit\Models\Sacco\SaccoLoanTest" classname="Tests.Unit.Models.Sacco.SaccoLoanTest" assertions="3" time="0.081063"/>
      <testcase name="Factory can create completed loan" file="Sacco Loan (Tests\Unit\Models\Sacco\SaccoLoan)::Factory can create completed loan" class="Tests\Unit\Models\Sacco\SaccoLoanTest" classname="Tests.Unit.Models.Sacco.SaccoLoanTest" assertions="2" time="0.089867"/>
      <testcase name="Factory can create business loan" file="Sacco Loan (Tests\Unit\Models\Sacco\SaccoLoan)::Factory can create business loan" class="Tests\Unit\Models\Sacco\SaccoLoanTest" classname="Tests.Unit.Models.Sacco.SaccoLoanTest" assertions="2" time="0.086608"/>
    </testsuite>
    <testsuite name="Tests\Unit\Models\Sacco\SaccoMemberTest" file="Sacco Member (Tests\Unit\Models\Sacco\SaccoMember)" tests="12" assertions="23" errors="0" failures="0" skipped="0" time="0.921367">
      <testcase name="It can be created with required attributes" file="Sacco Member (Tests\Unit\Models\Sacco\SaccoMember)::It can be created with required attributes" class="Tests\Unit\Models\Sacco\SaccoMemberTest" classname="Tests.Unit.Models.Sacco.SaccoMemberTest" assertions="6" time="0.130566"/>
      <testcase name="It belongs to a user" file="Sacco Member (Tests\Unit\Models\Sacco\SaccoMember)::It belongs to a user" class="Tests\Unit\Models\Sacco\SaccoMemberTest" classname="Tests.Unit.Models.Sacco.SaccoMemberTest" assertions="2" time="0.086151"/>
      <testcase name="It has a unique member number" file="Sacco Member (Tests\Unit\Models\Sacco\SaccoMember)::It has a unique member number" class="Tests\Unit\Models\Sacco\SaccoMemberTest" classname="Tests.Unit.Models.Sacco.SaccoMemberTest" assertions="1" time="0.083133"/>
      <testcase name="It has default status as active" file="Sacco Member (Tests\Unit\Models\Sacco\SaccoMember)::It has default status as active" class="Tests\Unit\Models\Sacco\SaccoMemberTest" classname="Tests.Unit.Models.Sacco.SaccoMemberTest" assertions="1" time="0.061950"/>
      <testcase name="It can be suspended" file="Sacco Member (Tests\Unit\Models\Sacco\SaccoMember)::It can be suspended" class="Tests\Unit\Models\Sacco\SaccoMemberTest" classname="Tests.Unit.Models.Sacco.SaccoMemberTest" assertions="2" time="0.070624"/>
      <testcase name="It can resign" file="Sacco Member (Tests\Unit\Models\Sacco\SaccoMember)::It can resign" class="Tests\Unit\Models\Sacco\SaccoMemberTest" classname="Tests.Unit.Models.Sacco.SaccoMemberTest" assertions="1" time="0.063956"/>
      <testcase name="It can store kyc information" file="Sacco Member (Tests\Unit\Models\Sacco\SaccoMember)::It can store kyc information" class="Tests\Unit\Models\Sacco\SaccoMemberTest" classname="Tests.Unit.Models.Sacco.SaccoMemberTest" assertions="3" time="0.064288"/>
      <testcase name="It can store emergency contact" file="Sacco Member (Tests\Unit\Models\Sacco\SaccoMember)::It can store emergency contact" class="Tests\Unit\Models\Sacco\SaccoMemberTest" classname="Tests.Unit.Models.Sacco.SaccoMemberTest" assertions="2" time="0.062828"/>
      <testcase name="It has uuid" file="Sacco Member (Tests\Unit\Models\Sacco\SaccoMember)::It has uuid" class="Tests\Unit\Models\Sacco\SaccoMemberTest" classname="Tests.Unit.Models.Sacco.SaccoMemberTest" assertions="2" time="0.070374"/>
      <testcase name="Factory can create active member" file="Sacco Member (Tests\Unit\Models\Sacco\SaccoMember)::Factory can create active member" class="Tests\Unit\Models\Sacco\SaccoMemberTest" classname="Tests.Unit.Models.Sacco.SaccoMemberTest" assertions="1" time="0.075994"/>
      <testcase name="Factory can create suspended member" file="Sacco Member (Tests\Unit\Models\Sacco\SaccoMember)::Factory can create suspended member" class="Tests\Unit\Models\Sacco\SaccoMemberTest" classname="Tests.Unit.Models.Sacco.SaccoMemberTest" assertions="1" time="0.065811"/>
      <testcase name="Factory can create premium member" file="Sacco Member (Tests\Unit\Models\Sacco\SaccoMember)::Factory can create premium member" class="Tests\Unit\Models\Sacco\SaccoMemberTest" classname="Tests.Unit.Models.Sacco.SaccoMemberTest" assertions="1" time="0.085692"/>
    </testsuite>
    <testsuite name="Tests\Unit\Models\Sacco\SaccoRelationshipsTest" file="Sacco Relationships (Tests\Unit\Models\Sacco\SaccoRelationships)" tests="28" assertions="53" errors="0" failures="0" skipped="0" time="5.165439">
      <testcase name="Member has one shares record" file="Sacco Relationships (Tests\Unit\Models\Sacco\SaccoRelationships)::Member has one shares record" class="Tests\Unit\Models\Sacco\SaccoRelationshipsTest" classname="Tests.Unit.Models.Sacco.SaccoRelationshipsTest" assertions="2" time="0.096605"/>
      <testcase name="Member has many savings accounts" file="Sacco Relationships (Tests\Unit\Models\Sacco\SaccoRelationships)::Member has many savings accounts" class="Tests\Unit\Models\Sacco\SaccoRelationshipsTest" classname="Tests.Unit.Models.Sacco.SaccoRelationshipsTest" assertions="2" time="0.082128"/>
      <testcase name="Member has many loans" file="Sacco Relationships (Tests\Unit\Models\Sacco\SaccoRelationships)::Member has many loans" class="Tests\Unit\Models\Sacco\SaccoRelationshipsTest" classname="Tests.Unit.Models.Sacco.SaccoRelationshipsTest" assertions="2" time="0.089635"/>
      <testcase name="Member has many poll votes" file="Sacco Relationships (Tests\Unit\Models\Sacco\SaccoRelationships)::Member has many poll votes" class="Tests\Unit\Models\Sacco\SaccoRelationshipsTest" classname="Tests.Unit.Models.Sacco.SaccoRelationshipsTest" assertions="2" time="0.083539"/>
      <testcase name="Member has many meeting attendances" file="Sacco Relationships (Tests\Unit\Models\Sacco\SaccoRelationships)::Member has many meeting attendances" class="Tests\Unit\Models\Sacco\SaccoRelationshipsTest" classname="Tests.Unit.Models.Sacco.SaccoRelationshipsTest" assertions="2" time="0.080296"/>
      <testcase name="Share belongs to member" file="Sacco Relationships (Tests\Unit\Models\Sacco\SaccoRelationships)::Share belongs to member" class="Tests\Unit\Models\Sacco\SaccoRelationshipsTest" classname="Tests.Unit.Models.Sacco.SaccoRelationshipsTest" assertions="2" time="0.105180"/>
      <testcase name="Share has many transactions" file="Sacco Relationships (Tests\Unit\Models\Sacco\SaccoRelationships)::Share has many transactions" class="Tests\Unit\Models\Sacco\SaccoRelationshipsTest" classname="Tests.Unit.Models.Sacco.SaccoRelationshipsTest" assertions="2" time="0.202756"/>
      <testcase name="Savings account belongs to member" file="Sacco Relationships (Tests\Unit\Models\Sacco\SaccoRelationships)::Savings account belongs to member" class="Tests\Unit\Models\Sacco\SaccoRelationshipsTest" classname="Tests.Unit.Models.Sacco.SaccoRelationshipsTest" assertions="2" time="0.172592"/>
      <testcase name="Savings account has many transactions" file="Sacco Relationships (Tests\Unit\Models\Sacco\SaccoRelationships)::Savings account has many transactions" class="Tests\Unit\Models\Sacco\SaccoRelationshipsTest" classname="Tests.Unit.Models.Sacco.SaccoRelationshipsTest" assertions="2" time="0.259967"/>
      <testcase name="Loan belongs to member" file="Sacco Relationships (Tests\Unit\Models\Sacco\SaccoRelationships)::Loan belongs to member" class="Tests\Unit\Models\Sacco\SaccoRelationshipsTest" classname="Tests.Unit.Models.Sacco.SaccoRelationshipsTest" assertions="2" time="0.162793"/>
      <testcase name="Loan has many guarantors" file="Sacco Relationships (Tests\Unit\Models\Sacco\SaccoRelationships)::Loan has many guarantors" class="Tests\Unit\Models\Sacco\SaccoRelationshipsTest" classname="Tests.Unit.Models.Sacco.SaccoRelationshipsTest" assertions="2" time="0.194143"/>
      <testcase name="Loan has many repayments" file="Sacco Relationships (Tests\Unit\Models\Sacco\SaccoRelationships)::Loan has many repayments" class="Tests\Unit\Models\Sacco\SaccoRelationshipsTest" classname="Tests.Unit.Models.Sacco.SaccoRelationshipsTest" assertions="2" time="0.204477"/>
      <testcase name="Guarantor belongs to loan and member" file="Sacco Relationships (Tests\Unit\Models\Sacco\SaccoRelationships)::Guarantor belongs to loan and member" class="Tests\Unit\Models\Sacco\SaccoRelationshipsTest" classname="Tests.Unit.Models.Sacco.SaccoRelationshipsTest" assertions="4" time="0.274340"/>
      <testcase name="Repayment belongs to loan and member" file="Sacco Relationships (Tests\Unit\Models\Sacco\SaccoRelationships)::Repayment belongs to loan and member" class="Tests\Unit\Models\Sacco\SaccoRelationshipsTest" classname="Tests.Unit.Models.Sacco.SaccoRelationshipsTest" assertions="3" time="0.290163"/>
      <testcase name="Meeting has many attendances" file="Sacco Relationships (Tests\Unit\Models\Sacco\SaccoRelationships)::Meeting has many attendances" class="Tests\Unit\Models\Sacco\SaccoRelationshipsTest" classname="Tests.Unit.Models.Sacco.SaccoRelationshipsTest" assertions="2" time="0.383159"/>
      <testcase name="Attendance belongs to meeting and member" file="Sacco Relationships (Tests\Unit\Models\Sacco\SaccoRelationships)::Attendance belongs to meeting and member" class="Tests\Unit\Models\Sacco\SaccoRelationshipsTest" classname="Tests.Unit.Models.Sacco.SaccoRelationshipsTest" assertions="2" time="0.170757"/>
      <testcase name="Poll has many votes" file="Sacco Relationships (Tests\Unit\Models\Sacco\SaccoRelationships)::Poll has many votes" class="Tests\Unit\Models\Sacco\SaccoRelationshipsTest" classname="Tests.Unit.Models.Sacco.SaccoRelationshipsTest" assertions="2" time="0.278639"/>
      <testcase name="Vote belongs to poll and member" file="Sacco Relationships (Tests\Unit\Models\Sacco\SaccoRelationships)::Vote belongs to poll and member" class="Tests\Unit\Models\Sacco\SaccoRelationshipsTest" classname="Tests.Unit.Models.Sacco.SaccoRelationshipsTest" assertions="2" time="0.161645"/>
      <testcase name="Poll can belong to meeting" file="Sacco Relationships (Tests\Unit\Models\Sacco\SaccoRelationships)::Poll can belong to meeting" class="Tests\Unit\Models\Sacco\SaccoRelationshipsTest" classname="Tests.Unit.Models.Sacco.SaccoRelationshipsTest" assertions="2" time="0.142143"/>
      <testcase name="Member cascade deletes shares" file="Sacco Relationships (Tests\Unit\Models\Sacco\SaccoRelationships)::Member cascade deletes shares" class="Tests\Unit\Models\Sacco\SaccoRelationshipsTest" classname="Tests.Unit.Models.Sacco.SaccoRelationshipsTest" assertions="1" time="0.189398"/>
      <testcase name="Member cascade deletes savings accounts" file="Sacco Relationships (Tests\Unit\Models\Sacco\SaccoRelationships)::Member cascade deletes savings accounts" class="Tests\Unit\Models\Sacco\SaccoRelationshipsTest" classname="Tests.Unit.Models.Sacco.SaccoRelationshipsTest" assertions="1" time="0.152284"/>
      <testcase name="Member cascade deletes loans" file="Sacco Relationships (Tests\Unit\Models\Sacco\SaccoRelationships)::Member cascade deletes loans" class="Tests\Unit\Models\Sacco\SaccoRelationshipsTest" classname="Tests.Unit.Models.Sacco.SaccoRelationshipsTest" assertions="1" time="0.165543"/>
      <testcase name="Loan cascade deletes guarantors" file="Sacco Relationships (Tests\Unit\Models\Sacco\SaccoRelationships)::Loan cascade deletes guarantors" class="Tests\Unit\Models\Sacco\SaccoRelationshipsTest" classname="Tests.Unit.Models.Sacco.SaccoRelationshipsTest" assertions="1" time="0.178939"/>
      <testcase name="Loan cascade deletes repayments" file="Sacco Relationships (Tests\Unit\Models\Sacco\SaccoRelationships)::Loan cascade deletes repayments" class="Tests\Unit\Models\Sacco\SaccoRelationshipsTest" classname="Tests.Unit.Models.Sacco.SaccoRelationshipsTest" assertions="1" time="0.227685"/>
      <testcase name="Account cascade deletes transactions" file="Sacco Relationships (Tests\Unit\Models\Sacco\SaccoRelationships)::Account cascade deletes transactions" class="Tests\Unit\Models\Sacco\SaccoRelationshipsTest" classname="Tests.Unit.Models.Sacco.SaccoRelationshipsTest" assertions="1" time="0.184759"/>
      <testcase name="Share cascade deletes transactions" file="Sacco Relationships (Tests\Unit\Models\Sacco\SaccoRelationships)::Share cascade deletes transactions" class="Tests\Unit\Models\Sacco\SaccoRelationshipsTest" classname="Tests.Unit.Models.Sacco.SaccoRelationshipsTest" assertions="1" time="0.187834"/>
      <testcase name="Can eager load member with all relations" file="Sacco Relationships (Tests\Unit\Models\Sacco\SaccoRelationships)::Can eager load member with all relations" class="Tests\Unit\Models\Sacco\SaccoRelationshipsTest" classname="Tests.Unit.Models.Sacco.SaccoRelationshipsTest" assertions="3" time="0.182055"/>
      <testcase name="Can eager load loan with guarantors and repayments" file="Sacco Relationships (Tests\Unit\Models\Sacco\SaccoRelationships)::Can eager load loan with guarantors and repayments" class="Tests\Unit\Models\Sacco\SaccoRelationshipsTest" classname="Tests.Unit.Models.Sacco.SaccoRelationshipsTest" assertions="2" time="0.261987"/>
    </testsuite>
    <testsuite name="Tests\Unit\Models\Sacco\SaccoSavingsAccountTest" file="Sacco Savings Account (Tests\Unit\Models\Sacco\SaccoSavingsAccount)" tests="12" assertions="30" errors="0" failures="0" skipped="0" time="2.175466">
      <testcase name="It can be created with attributes" file="Sacco Savings Account (Tests\Unit\Models\Sacco\SaccoSavingsAccount)::It can be created with attributes" class="Tests\Unit\Models\Sacco\SaccoSavingsAccountTest" classname="Tests.Unit.Models.Sacco.SaccoSavingsAccountTest" assertions="4" time="0.224131"/>
      <testcase name="It belongs to a member" file="Sacco Savings Account (Tests\Unit\Models\Sacco\SaccoSavingsAccount)::It belongs to a member" class="Tests\Unit\Models\Sacco\SaccoSavingsAccountTest" classname="Tests.Unit.Models.Sacco.SaccoSavingsAccountTest" assertions="2" time="0.158732"/>
      <testcase name="It has default status as active" file="Sacco Savings Account (Tests\Unit\Models\Sacco\SaccoSavingsAccount)::It has default status as active" class="Tests\Unit\Models\Sacco\SaccoSavingsAccountTest" classname="Tests.Unit.Models.Sacco.SaccoSavingsAccountTest" assertions="2" time="0.149643"/>
      <testcase name="It can be dormant" file="Sacco Savings Account (Tests\Unit\Models\Sacco\SaccoSavingsAccount)::It can be dormant" class="Tests\Unit\Models\Sacco\SaccoSavingsAccountTest" classname="Tests.Unit.Models.Sacco.SaccoSavingsAccountTest" assertions="2" time="0.279914"/>
      <testcase name="It has uuid" file="Sacco Savings Account (Tests\Unit\Models\Sacco\SaccoSavingsAccount)::It has uuid" class="Tests\Unit\Models\Sacco\SaccoSavingsAccountTest" classname="Tests.Unit.Models.Sacco.SaccoSavingsAccountTest" assertions="2" time="0.176242"/>
      <testcase name="It auto generates account number" file="Sacco Savings Account (Tests\Unit\Models\Sacco\SaccoSavingsAccount)::It auto generates account number" class="Tests\Unit\Models\Sacco\SaccoSavingsAccountTest" classname="Tests.Unit.Models.Sacco.SaccoSavingsAccountTest" assertions="2" time="0.188047"/>
      <testcase name="It can check sufficient balance" file="Sacco Savings Account (Tests\Unit\Models\Sacco\SaccoSavingsAccount)::It can check sufficient balance" class="Tests\Unit\Models\Sacco\SaccoSavingsAccountTest" classname="Tests.Unit.Models.Sacco.SaccoSavingsAccountTest" assertions="1" time="0.179074"/>
      <testcase name="It can check if withdrawal is allowed" file="Sacco Savings Account (Tests\Unit\Models\Sacco\SaccoSavingsAccount)::It can check if withdrawal is allowed" class="Tests\Unit\Models\Sacco\SaccoSavingsAccountTest" classname="Tests.Unit.Models.Sacco.SaccoSavingsAccountTest" assertions="2" time="0.181226"/>
      <testcase name="Factory can create regular account" file="Sacco Savings Account (Tests\Unit\Models\Sacco\SaccoSavingsAccount)::Factory can create regular account" class="Tests\Unit\Models\Sacco\SaccoSavingsAccountTest" classname="Tests.Unit.Models.Sacco.SaccoSavingsAccountTest" assertions="2" time="0.172320"/>
      <testcase name="Factory can create fixed deposit account" file="Sacco Savings Account (Tests\Unit\Models\Sacco\SaccoSavingsAccount)::Factory can create fixed deposit account" class="Tests\Unit\Models\Sacco\SaccoSavingsAccountTest" classname="Tests.Unit.Models.Sacco.SaccoSavingsAccountTest" assertions="4" time="0.143986"/>
      <testcase name="Factory can create target account" file="Sacco Savings Account (Tests\Unit\Models\Sacco\SaccoSavingsAccount)::Factory can create target account" class="Tests\Unit\Models\Sacco\SaccoSavingsAccountTest" classname="Tests.Unit.Models.Sacco.SaccoSavingsAccountTest" assertions="3" time="0.161122"/>
      <testcase name="Factory can create retirement account" file="Sacco Savings Account (Tests\Unit\Models\Sacco\SaccoSavingsAccount)::Factory can create retirement account" class="Tests\Unit\Models\Sacco\SaccoSavingsAccountTest" classname="Tests.Unit.Models.Sacco.SaccoSavingsAccountTest" assertions="4" time="0.161030"/>
    </testsuite>
    <testsuite name="Tests\Unit\Models\Sacco\SaccoScopesTest" file="Sacco Scopes (Tests\Unit\Models\Sacco\SaccoScopes)" tests="20" assertions="36" errors="0" failures="0" skipped="0" time="3.760842">
      <testcase name="Can filter active members" file="Sacco Scopes (Tests\Unit\Models\Sacco\SaccoScopes)::Can filter active members" class="Tests\Unit\Models\Sacco\SaccoScopesTest" classname="Tests.Unit.Models.Sacco.SaccoScopesTest" assertions="2" time="0.379781"/>
      <testcase name="Can filter suspended members" file="Sacco Scopes (Tests\Unit\Models\Sacco\SaccoScopes)::Can filter suspended members" class="Tests\Unit\Models\Sacco\SaccoScopesTest" classname="Tests.Unit.Models.Sacco.SaccoScopesTest" assertions="2" time="0.196481"/>
      <testcase name="Can filter resigned members" file="Sacco Scopes (Tests\Unit\Models\Sacco\SaccoScopes)::Can filter resigned members" class="Tests\Unit\Models\Sacco\SaccoScopesTest" classname="Tests.Unit.Models.Sacco.SaccoScopesTest" assertions="2" time="0.197584"/>
      <testcase name="Can filter active savings accounts" file="Sacco Scopes (Tests\Unit\Models\Sacco\SaccoScopes)::Can filter active savings accounts" class="Tests\Unit\Models\Sacco\SaccoScopesTest" classname="Tests.Unit.Models.Sacco.SaccoScopesTest" assertions="2" time="0.293886"/>
      <testcase name="Can filter dormant savings accounts" file="Sacco Scopes (Tests\Unit\Models\Sacco\SaccoScopes)::Can filter dormant savings accounts" class="Tests\Unit\Models\Sacco\SaccoScopesTest" classname="Tests.Unit.Models.Sacco.SaccoScopesTest" assertions="2" time="0.255632"/>
      <testcase name="Can filter accounts by type" file="Sacco Scopes (Tests\Unit\Models\Sacco\SaccoScopes)::Can filter accounts by type" class="Tests\Unit\Models\Sacco\SaccoScopesTest" classname="Tests.Unit.Models.Sacco.SaccoScopesTest" assertions="2" time="0.248516"/>
      <testcase name="Can filter pending loans" file="Sacco Scopes (Tests\Unit\Models\Sacco\SaccoScopes)::Can filter pending loans" class="Tests\Unit\Models\Sacco\SaccoScopesTest" classname="Tests.Unit.Models.Sacco.SaccoScopesTest" assertions="2" time="0.254462"/>
      <testcase name="Can filter approved loans" file="Sacco Scopes (Tests\Unit\Models\Sacco\SaccoScopes)::Can filter approved loans" class="Tests\Unit\Models\Sacco\SaccoScopesTest" classname="Tests.Unit.Models.Sacco.SaccoScopesTest" assertions="2" time="0.225459"/>
      <testcase name="Can filter active loans" file="Sacco Scopes (Tests\Unit\Models\Sacco\SaccoScopes)::Can filter active loans" class="Tests\Unit\Models\Sacco\SaccoScopesTest" classname="Tests.Unit.Models.Sacco.SaccoScopesTest" assertions="1" time="0.232610"/>
      <testcase name="Can filter completed loans" file="Sacco Scopes (Tests\Unit\Models\Sacco\SaccoScopes)::Can filter completed loans" class="Tests\Unit\Models\Sacco\SaccoScopesTest" classname="Tests.Unit.Models.Sacco.SaccoScopesTest" assertions="2" time="0.237598"/>
      <testcase name="Can filter defaulted loans" file="Sacco Scopes (Tests\Unit\Models\Sacco\SaccoScopes)::Can filter defaulted loans" class="Tests\Unit\Models\Sacco\SaccoScopesTest" classname="Tests.Unit.Models.Sacco.SaccoScopesTest" assertions="2" time="0.207909"/>
      <testcase name="Can filter loans by type" file="Sacco Scopes (Tests\Unit\Models\Sacco\SaccoScopes)::Can filter loans by type" class="Tests\Unit\Models\Sacco\SaccoScopesTest" classname="Tests.Unit.Models.Sacco.SaccoScopesTest" assertions="2" time="0.122259"/>
      <testcase name="Can filter completed transactions" file="Sacco Scopes (Tests\Unit\Models\Sacco\SaccoScopes)::Can filter completed transactions" class="Tests\Unit\Models\Sacco\SaccoScopesTest" classname="Tests.Unit.Models.Sacco.SaccoScopesTest" assertions="1" time="0.126424"/>
      <testcase name="Can filter pending transactions" file="Sacco Scopes (Tests\Unit\Models\Sacco\SaccoScopes)::Can filter pending transactions" class="Tests\Unit\Models\Sacco\SaccoScopesTest" classname="Tests.Unit.Models.Sacco.SaccoScopesTest" assertions="1" time="0.103597"/>
      <testcase name="Can filter transactions by type" file="Sacco Scopes (Tests\Unit\Models\Sacco\SaccoScopes)::Can filter transactions by type" class="Tests\Unit\Models\Sacco\SaccoScopesTest" classname="Tests.Unit.Models.Sacco.SaccoScopesTest" assertions="2" time="0.142978"/>
      <testcase name="Can filter transactions by date range" file="Sacco Scopes (Tests\Unit\Models\Sacco\SaccoScopes)::Can filter transactions by date range" class="Tests\Unit\Models\Sacco\SaccoScopesTest" classname="Tests.Unit.Models.Sacco.SaccoScopesTest" assertions="1" time="0.116217"/>
      <testcase name="Can filter share transactions by type" file="Sacco Scopes (Tests\Unit\Models\Sacco\SaccoScopes)::Can filter share transactions by type" class="Tests\Unit\Models\Sacco\SaccoScopesTest" classname="Tests.Unit.Models.Sacco.SaccoScopesTest" assertions="2" time="0.107182"/>
      <testcase name="Can find account by number" file="Sacco Scopes (Tests\Unit\Models\Sacco\SaccoScopes)::Can find account by number" class="Tests\Unit\Models\Sacco\SaccoScopesTest" classname="Tests.Unit.Models.Sacco.SaccoScopesTest" assertions="2" time="0.121581"/>
      <testcase name="Can find member by number" file="Sacco Scopes (Tests\Unit\Models\Sacco\SaccoScopes)::Can find member by number" class="Tests\Unit\Models\Sacco\SaccoScopesTest" classname="Tests.Unit.Models.Sacco.SaccoScopesTest" assertions="2" time="0.112626"/>
      <testcase name="Scopes can be chained" file="Sacco Scopes (Tests\Unit\Models\Sacco\SaccoScopes)::Scopes can be chained" class="Tests\Unit\Models\Sacco\SaccoScopesTest" classname="Tests.Unit.Models.Sacco.SaccoScopesTest" assertions="2" time="0.078060"/>
    </testsuite>
    <testsuite name="Tests\Unit\Models\Sacco\SaccoShareTest" file="Sacco Share (Tests\Unit\Models\Sacco\SaccoShare)" tests="8" assertions="17" errors="0" failures="0" skipped="0" time="0.589878">
      <testcase name="It can be created with attributes" file="Sacco Share (Tests\Unit\Models\Sacco\SaccoShare)::It can be created with attributes" class="Tests\Unit\Models\Sacco\SaccoShareTest" classname="Tests.Unit.Models.Sacco.SaccoShareTest" assertions="4" time="0.080212"/>
      <testcase name="It belongs to a member" file="Sacco Share (Tests\Unit\Models\Sacco\SaccoShare)::It belongs to a member" class="Tests\Unit\Models\Sacco\SaccoShareTest" classname="Tests.Unit.Models.Sacco.SaccoShareTest" assertions="2" time="0.086180"/>
      <testcase name="It automatically calculates total value" file="Sacco Share (Tests\Unit\Models\Sacco\SaccoShare)::It automatically calculates total value" class="Tests\Unit\Models\Sacco\SaccoShareTest" classname="Tests.Unit.Models.Sacco.SaccoShareTest" assertions="1" time="0.076191"/>
      <testcase name="It updates total value when shares change" file="Sacco Share (Tests\Unit\Models\Sacco\SaccoShare)::It updates total value when shares change" class="Tests\Unit\Models\Sacco\SaccoShareTest" classname="Tests.Unit.Models.Sacco.SaccoShareTest" assertions="1" time="0.066903"/>
      <testcase name="It has uuid" file="Sacco Share (Tests\Unit\Models\Sacco\SaccoShare)::It has uuid" class="Tests\Unit\Models\Sacco\SaccoShareTest" classname="Tests.Unit.Models.Sacco.SaccoShareTest" assertions="2" time="0.073493"/>
      <testcase name="It tracks last purchase date" file="Sacco Share (Tests\Unit\Models\Sacco\SaccoShare)::It tracks last purchase date" class="Tests\Unit\Models\Sacco\SaccoShareTest" classname="Tests.Unit.Models.Sacco.SaccoShareTest" assertions="2" time="0.076794"/>
      <testcase name="Factory can create with custom shares" file="Sacco Share (Tests\Unit\Models\Sacco\SaccoShare)::Factory can create with custom shares" class="Tests\Unit\Models\Sacco\SaccoShareTest" classname="Tests.Unit.Models.Sacco.SaccoShareTest" assertions="2" time="0.067239"/>
      <testcase name="Factory can create with custom share value" file="Sacco Share (Tests\Unit\Models\Sacco\SaccoShare)::Factory can create with custom share value" class="Tests\Unit\Models\Sacco\SaccoShareTest" classname="Tests.Unit.Models.Sacco.SaccoShareTest" assertions="3" time="0.062866"/>
    </testsuite>
  </testsuite>
</testsuites>
